<?xml version="1.0" encoding="UTF-8"?>
<!-- Generated by org.testng.reporters.JUnitXMLReporter -->
<testsuite ignored="4" hostname="japneet-3.local" failures="1" tests="2" name="Surefire test" time="12.546" errors="0" timestamp="02 Mar 2024 08:55:29 GMT">
  <testcase classname="page_tests.GoogleSearchTests" name="testGoogleSearch" time="10.41"/>
  <testcase classname="page_tests.GoogleSearchImFeelingLuckyTests" name="click2ndLink" time="0.007">
    <failure type="java.lang.NullPointerException" message="Cannot invoke &amp;quot;org.openqa.selenium.WebDriver.get(String)&amp;quot; because &amp;quot;this.driver&amp;quot; is null">
      <![CDATA[java.lang.NullPointerException: Cannot invoke "org.openqa.selenium.WebDriver.get(String)" because "this.driver" is null
at generic_keywords.WebElementsInteraction.sendText(WebElementsInteraction.java:21)
at pages.GoogleSearchImFeelingLucky.clickImFeelingLuckyBtn(GoogleSearchImFeelingLucky.java:19)
at page_tests.GoogleSearchImFeelingLuckyTests.click2ndLink(GoogleSearchImFeelingLuckyTests.java:39)
... Removed 28 stack frames]]>
    </failure>
  </testcase> <!-- click2ndLink -->
  <testcase classname="base.BaseTest" name="@BeforeTest setup" time="0.0">
    <ignored/>
  </testcase> <!-- @BeforeTest setup -->
  <testcase classname="base.BaseTest" name="@BeforeTest setup" time="0.0">
    <ignored/>
  </testcase> <!-- @BeforeTest setup -->
  <testcase classname="base.BaseTest" name="@AfterTest tearDown" time="0.0">
    <ignored/>
  </testcase> <!-- @AfterTest tearDown -->
  <testcase classname="base.BaseTest" name="@AfterTest tearDown" time="0.0">
    <ignored/>
  </testcase> <!-- @AfterTest tearDown -->
</testsuite> <!-- Surefire test -->
