<?xml version="1.0" encoding="UTF-8"?>
<testng-results ignored="0" total="2" passed="2" failed="0" skipped="0">
  <reporter-output>
  </reporter-output>
  <suite started-at="2024-03-05T11:54:44 IST" name="All Test Suite" finished-at="2024-03-05T11:55:04 IST" duration-ms="19734">
    <groups>
    </groups>
    <test started-at="2024-03-05T11:54:44 IST" name="Test 2" finished-at="2024-03-05T11:54:58 IST" duration-ms="13924">
      <class name="page_tests.GoogleSearchTests">
        <test-method is-config="true" signature="setup(java.lang.String)[pri:0, instance:page_tests.GoogleSearchTests@61d47554]" started-at="2024-03-05T11:54:44 IST" name="setup" finished-at="2024-03-05T11:54:46 IST" duration-ms="1627" status="PASS">
          <params>
            <param index="0">
              <value>
                <![CDATA[chrome]]>
              </value>
            </param>
          </params>
          <reporter-output>
          </reporter-output>
        </test-method> <!-- setup -->
        <test-method signature="testGoogleSearch()[pri:0, instance:page_tests.GoogleSearchTests@61d47554]" started-at="2024-03-05T11:54:46 IST" name="testGoogleSearch" finished-at="2024-03-05T11:54:58 IST" duration-ms="12156" status="PASS">
          <reporter-output>
          </reporter-output>
        </test-method> <!-- testGoogleSearch -->
        <test-method is-config="true" signature="tearDown()[pri:0, instance:page_tests.GoogleSearchTests@61d47554]" started-at="2024-03-05T11:54:58 IST" name="tearDown" finished-at="2024-03-05T11:54:58 IST" duration-ms="128" status="PASS">
          <reporter-output>
          </reporter-output>
        </test-method> <!-- tearDown -->
      </class> <!-- page_tests.GoogleSearchTests -->
    </test> <!-- Test 2 -->
    <test started-at="2024-03-05T11:54:44 IST" name="Test 1" finished-at="2024-03-05T11:55:04 IST" duration-ms="19734">
      <class name="page_tests.GoogleSearchImFeelingLuckyTests">
        <test-method is-config="true" signature="setup(java.lang.String)[pri:0, instance:page_tests.GoogleSearchImFeelingLuckyTests@1176dcec]" started-at="2024-03-05T11:54:44 IST" name="setup" finished-at="2024-03-05T11:54:47 IST" duration-ms="2633" status="PASS">
          <params>
            <param index="0">
              <value>
                <![CDATA[firefox]]>
              </value>
            </param>
          </params>
          <reporter-output>
          </reporter-output>
        </test-method> <!-- setup -->
        <test-method signature="click2ndLink()[pri:0, instance:page_tests.GoogleSearchImFeelingLuckyTests@1176dcec]" started-at="2024-03-05T11:54:47 IST" name="click2ndLink" finished-at="2024-03-05T11:55:03 IST" duration-ms="16633" status="PASS">
          <reporter-output>
          </reporter-output>
        </test-method> <!-- click2ndLink -->
        <test-method is-config="true" signature="tearDown()[pri:0, instance:page_tests.GoogleSearchImFeelingLuckyTests@1176dcec]" started-at="2024-03-05T11:55:03 IST" name="tearDown" finished-at="2024-03-05T11:55:04 IST" duration-ms="465" status="PASS">
          <reporter-output>
          </reporter-output>
        </test-method> <!-- tearDown -->
      </class> <!-- page_tests.GoogleSearchImFeelingLuckyTests -->
    </test> <!-- Test 1 -->
  </suite> <!-- All Test Suite -->
</testng-results>
