<?xml version="1.0" encoding="UTF-8"?>
<testsuite xmlns:xsi="http://www.w3.org/2001/XMLSchema-instance" xsi:noNamespaceSchemaLocation="https://maven.apache.org/surefire/maven-surefire-plugin/xsd/surefire-test-report.xsd" name="TestSuite" time="34.607" tests="2" errors="0" skipped="0" failures="0">
  <properties>
[...]
</properties>
  <testcase name="testGoogleSearch" classname="page_tests.GoogleSearchTests" time="13.199"/>
  <testcase name="click2ndLink" classname="page_tests.GoogleSearchImFeelingLuckyTests" time="27.002"/>
</testsuite>